[2025-11-15 04:40:38] [INFO] discord.client: logging in using static token
[2025-11-15 04:40:39] [INFO] red: Loading packages...
[2025-11-15 04:40:39] [INFO] red: Loaded packages: audio
[2025-11-15 04:40:40] [INFO] discord.gateway: Shard ID 0 has connected to Gateway (Session ID: 2ae9bf5a57b3d5743d71c34126a876ee).
[2025-11-15 04:40:40] [INFO] red: Connected to Discord. Getting ready...
[2025-11-15 04:40:42] [INFO] red.Audio.manager: Managed Lavalink node startup command: /usr/bin/java -Djdk.tls.client.protocols=TLSv1.2 -Xms64M -Xmx15G -jar /redbot/data/cogs/Audio/Lavalink.jar
[2025-11-15 04:40:42] [INFO] red.Audio.manager: Managed Lavalink node started. PID: 68
[2025-11-15 04:40:42] [INFO] red.Audio.manager: Waiting for Managed Lavalink node to be ready
[2025-11-15 04:40:46] [INFO] red.Audio.manager: Managed Lavalink node is ready to receive requests.
[2025-11-15 04:40:46] [INFO] red.Audio.WS.LLNode: Lavalink WS connecting to ws://localhost:2333 with headers {'Authorization': 'youshallnotpass', 'User-Id': '1141573790715891783', 'Num-Shards': '1', 'Client-Name': 'Red-Lavalink/0.11.0', 'Resume-Key': 'Red-Core-Audio-1141573790715891783-BenAnnaBot'}
[2025-11-15 04:40:46] [INFO] red.Audio.WS.LLNode: Lavalink WS connected to ws://localhost:2333
[2025-11-15 07:45:38] [INFO] discord.gateway: Shard ID 0 has successfully RESUMED session 2ae9bf5a57b3d5743d71c34126a876ee.
[2025-11-15 11:07:10] [INFO] discord.gateway: Shard ID 0 has successfully RESUMED session 2ae9bf5a57b3d5743d71c34126a876ee.
[2025-11-15 13:27:21] [INFO] discord.gateway: Shard ID 0 has successfully RESUMED session 2ae9bf5a57b3d5743d71c34126a876ee.
[2025-11-15 14:03:55] [INFO] discord.gateway: Shard ID 0 has successfully RESUMED session 2ae9bf5a57b3d5743d71c34126a876ee.
[2025-11-15 14:19:59] [INFO] discord.gateway: Shard ID 0 has successfully RESUMED session 2ae9bf5a57b3d5743d71c34126a876ee.
[2025-11-15 15:23:28] [INFO] discord.gateway: Shard ID 0 has successfully RESUMED session 2ae9bf5a57b3d5743d71c34126a876ee.
[2025-11-15 17:14:25] [INFO] discord.gateway: Shard ID 0 has successfully RESUMED session 2ae9bf5a57b3d5743d71c34126a876ee.
[2025-11-15 17:58:38] [INFO] discord.gateway: Shard ID 0 has successfully RESUMED session 2ae9bf5a57b3d5743d71c34126a876ee.
[2025-11-15 20:20:02] [INFO] discord.gateway: Shard ID 0 has successfully RESUMED session 2ae9bf5a57b3d5743d71c34126a876ee.
[2025-11-15 23:19:27] [INFO] discord.gateway: Shard ID 0 has successfully RESUMED session 2ae9bf5a57b3d5743d71c34126a876ee.
[2025-11-16 02:54:10] [INFO] discord.gateway: Shard ID 0 has successfully RESUMED session 2ae9bf5a57b3d5743d71c34126a876ee.
[2025-11-16 04:53:28] [INFO] discord.gateway: Shard ID 0 has successfully RESUMED session 2ae9bf5a57b3d5743d71c34126a876ee.
[2025-11-16 08:31:46] [INFO] discord.gateway: Shard ID 0 has successfully RESUMED session 2ae9bf5a57b3d5743d71c34126a876ee.
[2025-11-16 12:02:14] [INFO] discord.gateway: Shard ID 0 has successfully RESUMED session 2ae9bf5a57b3d5743d71c34126a876ee.
[2025-11-16 12:46:06] [INFO] discord.gateway: Shard ID 0 has successfully RESUMED session 2ae9bf5a57b3d5743d71c34126a876ee.
[2025-11-16 13:09:45] [INFO] discord.gateway: Shard ID 0 has successfully RESUMED session 2ae9bf5a57b3d5743d71c34126a876ee.
[2025-11-16 16:11:23] [INFO] discord.gateway: Shard ID 0 has successfully RESUMED session 2ae9bf5a57b3d5743d71c34126a876ee.
[2025-11-16 17:45:48] [INFO] discord.gateway: Shard ID 0 has successfully RESUMED session 2ae9bf5a57b3d5743d71c34126a876ee.
[2025-11-16 20:08:52] [INFO] discord.gateway: Shard ID 0 has successfully RESUMED session 2ae9bf5a57b3d5743d71c34126a876ee.
[2025-11-16 21:31:33] [INFO] discord.gateway: Shard ID 0 has successfully RESUMED session 2ae9bf5a57b3d5743d71c34126a876ee.
[2025-11-16 23:08:26] [INFO] discord.gateway: Shard ID 0 has successfully RESUMED session 2ae9bf5a57b3d5743d71c34126a876ee.
[2025-11-17 01:15:58] [INFO] discord.gateway: Shard ID 0 has successfully RESUMED session 2ae9bf5a57b3d5743d71c34126a876ee.
[2025-11-17 04:48:41] [INFO] discord.gateway: Shard ID 0 has successfully RESUMED session 2ae9bf5a57b3d5743d71c34126a876ee.
[2025-11-17 06:29:24] [INFO] discord.gateway: Shard ID 0 has successfully RESUMED session 2ae9bf5a57b3d5743d71c34126a876ee.
[2025-11-17 09:14:54] [INFO] discord.gateway: Shard ID 0 has successfully RESUMED session 2ae9bf5a57b3d5743d71c34126a876ee.
[2025-11-17 10:19:04] [INFO] discord.gateway: Shard ID 0 has successfully RESUMED session 2ae9bf5a57b3d5743d71c34126a876ee.
[2025-11-17 11:53:45] [INFO] discord.gateway: Shard ID 0 has successfully RESUMED session 2ae9bf5a57b3d5743d71c34126a876ee.
[2025-11-17 14:07:16] [INFO] discord.gateway: Shard ID 0 has successfully RESUMED session 2ae9bf5a57b3d5743d71c34126a876ee.
[2025-11-17 14:18:39] [INFO] discord.gateway: Shard ID 0 has successfully RESUMED session 2ae9bf5a57b3d5743d71c34126a876ee.
[2025-11-17 15:20:25] [INFO] discord.gateway: Shard ID 0 has successfully RESUMED session 2ae9bf5a57b3d5743d71c34126a876ee.
[2025-11-17 16:44:57] [INFO] discord.gateway: Shard ID 0 has successfully RESUMED session 2ae9bf5a57b3d5743d71c34126a876ee.
[2025-11-17 17:32:37] [INFO] discord.gateway: Shard ID 0 has successfully RESUMED session 2ae9bf5a57b3d5743d71c34126a876ee.
[2025-11-17 19:46:47] [INFO] discord.gateway: Shard ID 0 has successfully RESUMED session 2ae9bf5a57b3d5743d71c34126a876ee.
[2025-11-17 20:18:56] [INFO] discord.gateway: Shard ID 0 has successfully RESUMED session 2ae9bf5a57b3d5743d71c34126a876ee.
[2025-11-17 20:56:25] [INFO] discord.gateway: Shard ID 0 has successfully RESUMED session 2ae9bf5a57b3d5743d71c34126a876ee.
[2025-11-18 00:36:34] [INFO] discord.gateway: Shard ID 0 has successfully RESUMED session 2ae9bf5a57b3d5743d71c34126a876ee.
[2025-11-18 00:43:23] [WARNING] red.cogs.Audio.cog.Events.lavalink: Audio detected multiple continuous errors during playback - terminating the player for guild: 1138199265630486648.
[2025-11-18 01:34:45] [INFO] discord.gateway: Shard ID 0 has successfully RESUMED session 2ae9bf5a57b3d5743d71c34126a876ee.
[2025-11-18 02:03:50] [INFO] discord.gateway: Shard ID 0 has successfully RESUMED session 2ae9bf5a57b3d5743d71c34126a876ee.
[2025-11-18 02:17:00] [INFO] discord.gateway: Shard ID 0 has successfully RESUMED session 2ae9bf5a57b3d5743d71c34126a876ee.
[2025-11-18 03:03:53] [INFO] discord.gateway: Shard ID 0 has successfully RESUMED session 2ae9bf5a57b3d5743d71c34126a876ee.
[2025-11-18 05:57:44] [INFO] discord.gateway: Shard ID 0 has successfully RESUMED session 2ae9bf5a57b3d5743d71c34126a876ee.
[2025-11-18 09:52:22] [INFO] discord.gateway: Shard ID 0 has successfully RESUMED session 2ae9bf5a57b3d5743d71c34126a876ee.
[2025-11-18 12:20:54] [INFO] discord.gateway: Shard ID 0 has successfully RESUMED session 2ae9bf5a57b3d5743d71c34126a876ee.
[2025-11-18 13:27:58] [INFO] discord.gateway: Shard ID 0 has successfully RESUMED session 2ae9bf5a57b3d5743d71c34126a876ee.
[2025-11-18 14:29:59] [INFO] discord.gateway: Shard ID 0 has successfully RESUMED session 2ae9bf5a57b3d5743d71c34126a876ee.
[2025-11-18 16:37:42] [INFO] discord.gateway: Shard ID 0 has successfully RESUMED session 2ae9bf5a57b3d5743d71c34126a876ee.
[2025-11-18 16:40:44] [INFO] discord.gateway: Shard ID 0 has successfully RESUMED session 2ae9bf5a57b3d5743d71c34126a876ee.
[2025-11-18 18:50:57] [INFO] discord.gateway: Shard ID 0 has successfully RESUMED session 2ae9bf5a57b3d5743d71c34126a876ee.
[2025-11-18 21:12:31] [INFO] discord.gateway: Shard ID 0 has successfully RESUMED session 2ae9bf5a57b3d5743d71c34126a876ee.
[2025-11-18 21:47:29] [INFO] discord.gateway: Shard ID 0 has successfully RESUMED session 2ae9bf5a57b3d5743d71c34126a876ee.
[2025-11-19 00:05:18] [INFO] discord.gateway: Shard ID 0 has successfully RESUMED session 2ae9bf5a57b3d5743d71c34126a876ee.
[2025-11-19 02:11:46] [INFO] discord.gateway: Shard ID 0 has successfully RESUMED session 2ae9bf5a57b3d5743d71c34126a876ee.
[2025-11-19 03:39:46] [INFO] discord.gateway: Shard ID 0 has successfully RESUMED session 2ae9bf5a57b3d5743d71c34126a876ee.
[2025-11-19 05:34:15] [INFO] discord.gateway: Shard ID 0 has successfully RESUMED session 2ae9bf5a57b3d5743d71c34126a876ee.
[2025-11-19 09:06:38] [INFO] discord.gateway: Shard ID 0 has successfully RESUMED session 2ae9bf5a57b3d5743d71c34126a876ee.
[2025-11-19 12:03:24] [INFO] discord.gateway: Shard ID 0 has successfully RESUMED session 2ae9bf5a57b3d5743d71c34126a876ee.
[2025-11-19 14:02:52] [INFO] discord.gateway: Shard ID 0 has successfully RESUMED session 2ae9bf5a57b3d5743d71c34126a876ee.
[2025-11-19 16:27:18] [INFO] discord.gateway: Shard ID 0 has successfully RESUMED session 2ae9bf5a57b3d5743d71c34126a876ee.
[2025-11-19 16:42:42] [INFO] discord.gateway: Shard ID 0 has successfully RESUMED session 2ae9bf5a57b3d5743d71c34126a876ee.
[2025-11-19 18:56:52] [INFO] discord.gateway: Shard ID 0 has successfully RESUMED session 2ae9bf5a57b3d5743d71c34126a876ee.
[2025-11-19 19:44:02] [INFO] discord.gateway: Shard ID 0 has successfully RESUMED session 2ae9bf5a57b3d5743d71c34126a876ee.
[2025-11-19 21:36:12] [INFO] discord.gateway: Shard ID 0 has successfully RESUMED session 2ae9bf5a57b3d5743d71c34126a876ee.
[2025-11-20 00:50:03] [INFO] discord.gateway: Shard ID 0 has successfully RESUMED session 2ae9bf5a57b3d5743d71c34126a876ee.
[2025-11-20 04:34:29] [INFO] discord.gateway: Shard ID 0 has successfully RESUMED session 2ae9bf5a57b3d5743d71c34126a876ee.
[2025-11-20 05:12:44] [INFO] discord.gateway: Shard ID 0 has successfully RESUMED session 2ae9bf5a57b3d5743d71c34126a876ee.
[2025-11-20 06:31:46] [INFO] discord.gateway: Shard ID 0 has successfully RESUMED session 2ae9bf5a57b3d5743d71c34126a876ee.
[2025-11-20 07:16:30] [INFO] discord.gateway: Shard ID 0 has successfully RESUMED session 2ae9bf5a57b3d5743d71c34126a876ee.
[2025-11-20 08:25:15] [INFO] discord.gateway: Shard ID 0 has successfully RESUMED session 2ae9bf5a57b3d5743d71c34126a876ee.
[2025-11-20 10:55:08] [INFO] discord.gateway: Shard ID 0 has successfully RESUMED session 2ae9bf5a57b3d5743d71c34126a876ee.
[2025-11-20 11:03:23] [INFO] discord.gateway: Shard ID 0 has successfully RESUMED session 2ae9bf5a57b3d5743d71c34126a876ee.
[2025-11-20 11:29:35] [INFO] discord.gateway: Shard ID 0 has successfully RESUMED session 2ae9bf5a57b3d5743d71c34126a876ee.
[2025-11-20 12:43:57] [INFO] discord.gateway: Shard ID 0 has successfully RESUMED session 2ae9bf5a57b3d5743d71c34126a876ee.
[2025-11-20 14:59:46] [INFO] discord.gateway: Shard ID 0 has successfully RESUMED session 2ae9bf5a57b3d5743d71c34126a876ee.
[2025-11-20 15:19:01] [INFO] discord.gateway: Shard ID 0 has successfully RESUMED session 2ae9bf5a57b3d5743d71c34126a876ee.
[2025-11-20 16:41:37] [INFO] discord.gateway: Shard ID 0 has successfully RESUMED session 2ae9bf5a57b3d5743d71c34126a876ee.
[2025-11-20 17:11:51] [INFO] discord.gateway: Shard ID 0 has successfully RESUMED session 2ae9bf5a57b3d5743d71c34126a876ee.
[2025-11-20 17:54:54] [INFO] discord.gateway: Shard ID 0 has successfully RESUMED session 2ae9bf5a57b3d5743d71c34126a876ee.
[2025-11-20 19:43:44] [INFO] discord.gateway: Shard ID 0 has successfully RESUMED session 2ae9bf5a57b3d5743d71c34126a876ee.
[2025-11-20 20:43:33] [INFO] discord.gateway: Shard ID 0 has successfully RESUMED session 2ae9bf5a57b3d5743d71c34126a876ee.
[2025-11-20 20:50:11] [INFO] discord.gateway: Shard ID 0 has successfully RESUMED session 2ae9bf5a57b3d5743d71c34126a876ee.
[2025-11-20 23:51:58] [INFO] discord.gateway: Shard ID 0 has successfully RESUMED session 2ae9bf5a57b3d5743d71c34126a876ee.
[2025-11-21 03:07:44] [INFO] discord.gateway: Shard ID 0 has successfully RESUMED session 2ae9bf5a57b3d5743d71c34126a876ee.
[2025-11-21 05:18:53] [INFO] discord.gateway: Shard ID 0 has successfully RESUMED session 2ae9bf5a57b3d5743d71c34126a876ee.
[2025-11-21 07:34:47] [INFO] discord.gateway: Shard ID 0 has successfully RESUMED session 2ae9bf5a57b3d5743d71c34126a876ee.
[2025-11-21 08:39:56] [INFO] discord.gateway: Shard ID 0 has successfully RESUMED session 2ae9bf5a57b3d5743d71c34126a876ee.
[2025-11-21 09:45:47] [INFO] discord.gateway: Shard ID 0 has successfully RESUMED session 2ae9bf5a57b3d5743d71c34126a876ee.
[2025-11-21 10:11:31] [INFO] discord.gateway: Shard ID 0 has successfully RESUMED session 2ae9bf5a57b3d5743d71c34126a876ee.
[2025-11-21 11:24:15] [INFO] discord.gateway: Shard ID 0 has successfully RESUMED session 2ae9bf5a57b3d5743d71c34126a876ee.
[2025-11-21 12:56:54] [INFO] discord.gateway: Shard ID 0 has successfully RESUMED session 2ae9bf5a57b3d5743d71c34126a876ee.
[2025-11-21 13:41:15] [INFO] discord.gateway: Shard ID 0 has successfully RESUMED session 2ae9bf5a57b3d5743d71c34126a876ee.
[2025-11-21 15:43:18] [INFO] discord.gateway: Shard ID 0 has successfully RESUMED session 2ae9bf5a57b3d5743d71c34126a876ee.
[2025-11-21 16:10:05] [INFO] discord.gateway: Shard ID 0 has successfully RESUMED session 2ae9bf5a57b3d5743d71c34126a876ee.
[2025-11-21 18:19:12] [INFO] discord.gateway: Shard ID 0 has successfully RESUMED session 2ae9bf5a57b3d5743d71c34126a876ee.
[2025-11-21 19:06:03] [INFO] discord.gateway: Shard ID 0 has successfully RESUMED session 2ae9bf5a57b3d5743d71c34126a876ee.
[2025-11-21 21:43:43] [INFO] discord.gateway: Shard ID 0 has successfully RESUMED session 2ae9bf5a57b3d5743d71c34126a876ee.
[2025-11-21 22:35:48] [INFO] discord.gateway: Shard ID 0 has successfully RESUMED session 2ae9bf5a57b3d5743d71c34126a876ee.
[2025-11-21 22:55:09] [INFO] discord.gateway: Shard ID 0 has successfully RESUMED session 2ae9bf5a57b3d5743d71c34126a876ee.
[2025-11-22 01:35:02] [INFO] discord.gateway: Shard ID 0 has successfully RESUMED session 2ae9bf5a57b3d5743d71c34126a876ee.
[2025-11-22 01:58:04] [INFO] discord.gateway: Shard ID 0 has successfully RESUMED session 2ae9bf5a57b3d5743d71c34126a876ee.
[2025-11-22 02:06:49] [INFO] discord.gateway: Shard ID 0 has successfully RESUMED session 2ae9bf5a57b3d5743d71c34126a876ee.
[2025-11-22 03:36:31] [INFO] discord.gateway: Shard ID 0 has successfully RESUMED session 2ae9bf5a57b3d5743d71c34126a876ee.
[2025-11-22 05:30:34] [INFO] discord.gateway: Shard ID 0 has successfully RESUMED session 2ae9bf5a57b3d5743d71c34126a876ee.
[2025-11-22 08:48:20] [INFO] discord.gateway: Shard ID 0 has successfully RESUMED session 2ae9bf5a57b3d5743d71c34126a876ee.
[2025-11-22 10:27:23] [INFO] discord.gateway: Shard ID 0 has successfully RESUMED session 2ae9bf5a57b3d5743d71c34126a876ee.
[2025-11-22 11:39:26] [INFO] discord.gateway: Shard ID 0 has successfully RESUMED session 2ae9bf5a57b3d5743d71c34126a876ee.
[2025-11-22 14:45:11] [INFO] discord.gateway: Shard ID 0 has successfully RESUMED session 2ae9bf5a57b3d5743d71c34126a876ee.
[2025-11-22 17:51:35] [INFO] discord.gateway: Shard ID 0 has successfully RESUMED session 2ae9bf5a57b3d5743d71c34126a876ee.
[2025-11-22 20:28:03] [INFO] discord.gateway: Shard ID 0 has successfully RESUMED session 2ae9bf5a57b3d5743d71c34126a876ee.
[2025-11-22 20:45:35] [INFO] discord.gateway: Shard ID 0 has successfully RESUMED session 2ae9bf5a57b3d5743d71c34126a876ee.
[2025-11-22 21:26:11] [INFO] discord.gateway: Shard ID 0 has successfully RESUMED session 2ae9bf5a57b3d5743d71c34126a876ee.
[2025-11-22 22:47:45] [INFO] discord.gateway: Shard ID 0 has successfully RESUMED session 2ae9bf5a57b3d5743d71c34126a876ee.
[2025-11-22 23:42:19] [INFO] discord.gateway: Shard ID 0 has successfully RESUMED session 2ae9bf5a57b3d5743d71c34126a876ee.
[2025-11-23 00:31:20] [INFO] discord.gateway: Shard ID 0 has successfully RESUMED session 2ae9bf5a57b3d5743d71c34126a876ee.
[2025-11-23 03:08:03] [INFO] discord.gateway: Shard ID 0 has successfully RESUMED session 2ae9bf5a57b3d5743d71c34126a876ee.
[2025-11-23 06:27:28] [INFO] discord.gateway: Shard ID 0 has successfully RESUMED session 2ae9bf5a57b3d5743d71c34126a876ee.
[2025-11-23 08:01:19] [INFO] discord.gateway: Shard ID 0 has successfully RESUMED session 2ae9bf5a57b3d5743d71c34126a876ee.
[2025-11-23 08:51:15] [INFO] discord.gateway: Shard ID 0 has successfully RESUMED session 2ae9bf5a57b3d5743d71c34126a876ee.
[2025-11-23 11:11:42] [INFO] discord.gateway: Shard ID 0 has successfully RESUMED session 2ae9bf5a57b3d5743d71c34126a876ee.
[2025-11-23 12:11:15] [INFO] discord.gateway: Shard ID 0 has successfully RESUMED session 2ae9bf5a57b3d5743d71c34126a876ee.
[2025-11-23 12:42:24] [INFO] discord.gateway: Shard ID 0 has successfully RESUMED session 2ae9bf5a57b3d5743d71c34126a876ee.
[2025-11-23 16:14:22] [INFO] discord.gateway: Shard ID 0 has successfully RESUMED session 2ae9bf5a57b3d5743d71c34126a876ee.
[2025-11-23 17:49:36] [INFO] discord.gateway: Shard ID 0 has successfully RESUMED session 2ae9bf5a57b3d5743d71c34126a876ee.
[2025-11-23 19:54:21] [INFO] discord.gateway: Shard ID 0 has successfully RESUMED session 2ae9bf5a57b3d5743d71c34126a876ee.
[2025-11-23 23:07:08] [INFO] discord.gateway: Shard ID 0 has successfully RESUMED session 2ae9bf5a57b3d5743d71c34126a876ee.
[2025-11-24 01:10:14] [INFO] discord.gateway: Shard ID 0 has successfully RESUMED session 2ae9bf5a57b3d5743d71c34126a876ee.
[2025-11-24 02:06:05] [INFO] discord.gateway: Shard ID 0 has successfully RESUMED session 2ae9bf5a57b3d5743d71c34126a876ee.
[2025-11-24 05:05:14] [INFO] discord.gateway: Shard ID 0 has successfully RESUMED session 2ae9bf5a57b3d5743d71c34126a876ee.
[2025-11-24 08:37:12] [INFO] discord.gateway: Shard ID 0 has successfully RESUMED session 2ae9bf5a57b3d5743d71c34126a876ee.
[2025-11-24 09:46:03] [INFO] discord.gateway: Shard ID 0 has successfully RESUMED session 2ae9bf5a57b3d5743d71c34126a876ee.
[2025-11-24 11:56:33] [INFO] discord.gateway: Shard ID 0 has successfully RESUMED session 2ae9bf5a57b3d5743d71c34126a876ee.
[2025-11-24 15:25:14] [INFO] discord.gateway: Shard ID 0 has successfully RESUMED session 2ae9bf5a57b3d5743d71c34126a876ee.
[2025-11-24 16:16:49] [INFO] discord.gateway: Shard ID 0 has successfully RESUMED session 2ae9bf5a57b3d5743d71c34126a876ee.
[2025-11-24 16:29:05] [INFO] discord.gateway: Shard ID 0 has successfully RESUMED session 2ae9bf5a57b3d5743d71c34126a876ee.
[2025-11-24 16:58:42] [INFO] discord.gateway: Shard ID 0 has successfully RESUMED session 2ae9bf5a57b3d5743d71c34126a876ee.
[2025-11-24 20:22:07] [INFO] discord.gateway: Shard ID 0 has successfully RESUMED session 2ae9bf5a57b3d5743d71c34126a876ee.
[2025-11-24 23:27:07] [INFO] discord.gateway: Shard ID 0 has successfully RESUMED session 2ae9bf5a57b3d5743d71c34126a876ee.
[2025-11-25 02:49:47] [INFO] discord.gateway: Shard ID 0 has successfully RESUMED session 2ae9bf5a57b3d5743d71c34126a876ee.
[2025-11-25 03:11:22] [INFO] discord.gateway: Shard ID 0 has successfully RESUMED session 2ae9bf5a57b3d5743d71c34126a876ee.
[2025-11-25 04:17:53] [INFO] discord.gateway: Shard ID 0 has successfully RESUMED session 2ae9bf5a57b3d5743d71c34126a876ee.
[2025-11-25 04:38:30] [INFO] discord.gateway: Shard ID 0 has successfully RESUMED session 2ae9bf5a57b3d5743d71c34126a876ee.
[2025-11-25 05:44:03] [INFO] discord.gateway: Shard ID 0 has successfully RESUMED session 2ae9bf5a57b3d5743d71c34126a876ee.
[2025-11-25 08:25:19] [INFO] discord.gateway: Shard ID 0 has successfully RESUMED session 2ae9bf5a57b3d5743d71c34126a876ee.
[2025-11-25 11:36:57] [INFO] discord.gateway: Shard ID 0 has successfully RESUMED session 2ae9bf5a57b3d5743d71c34126a876ee.
[2025-11-25 12:09:22] [INFO] discord.gateway: Shard ID 0 has successfully RESUMED session 2ae9bf5a57b3d5743d71c34126a876ee.
[2025-11-25 12:39:24] [INFO] discord.gateway: Shard ID 0 has successfully RESUMED session 2ae9bf5a57b3d5743d71c34126a876ee.
[2025-11-25 14:53:30] [INFO] discord.gateway: Shard ID 0 has successfully RESUMED session 2ae9bf5a57b3d5743d71c34126a876ee.
[2025-11-25 16:21:23] [INFO] discord.gateway: Shard ID 0 has successfully RESUMED session 2ae9bf5a57b3d5743d71c34126a876ee.
[2025-11-25 18:02:31] [INFO] discord.gateway: Shard ID 0 has successfully RESUMED session 2ae9bf5a57b3d5743d71c34126a876ee.
[2025-11-25 21:36:46] [INFO] discord.gateway: Shard ID 0 has successfully RESUMED session 2ae9bf5a57b3d5743d71c34126a876ee.
[2025-11-25 23:07:43] [INFO] discord.gateway: Shard ID 0 has successfully RESUMED session 2ae9bf5a57b3d5743d71c34126a876ee.
[2025-11-26 01:26:51] [INFO] discord.gateway: Shard ID 0 has successfully RESUMED session 2ae9bf5a57b3d5743d71c34126a876ee.
[2025-11-26 01:45:53] [INFO] discord.gateway: Shard ID 0 has successfully RESUMED session 2ae9bf5a57b3d5743d71c34126a876ee.
[2025-11-26 03:25:38] [INFO] discord.gateway: Shard ID 0 has successfully RESUMED session 2ae9bf5a57b3d5743d71c34126a876ee.
[2025-11-26 05:56:59] [INFO] discord.gateway: Shard ID 0 has successfully RESUMED session 2ae9bf5a57b3d5743d71c34126a876ee.
[2025-11-26 09:36:21] [INFO] discord.gateway: Shard ID 0 has successfully RESUMED session 2ae9bf5a57b3d5743d71c34126a876ee.
[2025-11-26 11:13:11] [INFO] discord.gateway: Shard ID 0 has successfully RESUMED session 2ae9bf5a57b3d5743d71c34126a876ee.
[2025-11-26 12:48:06] [INFO] discord.gateway: Shard ID 0 has successfully RESUMED session 2ae9bf5a57b3d5743d71c34126a876ee.
[2025-11-26 14:28:15] [INFO] discord.gateway: Shard ID 0 has successfully RESUMED session 2ae9bf5a57b3d5743d71c34126a876ee.
[2025-11-26 14:59:33] [INFO] discord.gateway: Shard ID 0 has successfully RESUMED session 2ae9bf5a57b3d5743d71c34126a876ee.
[2025-11-26 17:36:03] [INFO] discord.gateway: Shard ID 0 has successfully RESUMED session 2ae9bf5a57b3d5743d71c34126a876ee.
[2025-11-26 20:46:20] [INFO] discord.gateway: Shard ID 0 has successfully RESUMED session 2ae9bf5a57b3d5743d71c34126a876ee.
[2025-11-26 21:39:08] [INFO] discord.gateway: Shard ID 0 has successfully RESUMED session 2ae9bf5a57b3d5743d71c34126a876ee.
[2025-11-26 22:33:34] [INFO] discord.gateway: Shard ID 0 has successfully RESUMED session 2ae9bf5a57b3d5743d71c34126a876ee.
[2025-11-27 01:00:00] [INFO] discord.gateway: Shard ID 0 has successfully RESUMED session 2ae9bf5a57b3d5743d71c34126a876ee.
[2025-11-27 03:22:50] [INFO] discord.gateway: Shard ID 0 has successfully RESUMED session 2ae9bf5a57b3d5743d71c34126a876ee.
[2025-11-27 06:58:45] [INFO] discord.gateway: Shard ID 0 has successfully RESUMED session 2ae9bf5a57b3d5743d71c34126a876ee.
[2025-11-27 09:51:30] [INFO] discord.gateway: Shard ID 0 has successfully RESUMED session 2ae9bf5a57b3d5743d71c34126a876ee.
[2025-11-27 13:20:52] [INFO] discord.gateway: Shard ID 0 has successfully RESUMED session 2ae9bf5a57b3d5743d71c34126a876ee.
[2025-11-27 13:47:36] [INFO] discord.gateway: Shard ID 0 has successfully RESUMED session 2ae9bf5a57b3d5743d71c34126a876ee.
[2025-11-27 15:37:47] [INFO] discord.gateway: Shard ID 0 has successfully RESUMED session 2ae9bf5a57b3d5743d71c34126a876ee.
[2025-11-27 16:14:46] [INFO] discord.gateway: Shard ID 0 has successfully RESUMED session 2ae9bf5a57b3d5743d71c34126a876ee.
[2025-11-27 16:19:46] [INFO] discord.gateway: Shard ID 0 has successfully RESUMED session 2ae9bf5a57b3d5743d71c34126a876ee.
[2025-11-27 19:09:44] [INFO] discord.gateway: Shard ID 0 has successfully RESUMED session 2ae9bf5a57b3d5743d71c34126a876ee.
[2025-11-27 21:34:26] [INFO] discord.gateway: Shard ID 0 has successfully RESUMED session 2ae9bf5a57b3d5743d71c34126a876ee.
[2025-11-27 22:30:43] [INFO] discord.gateway: Shard ID 0 has successfully RESUMED session 2ae9bf5a57b3d5743d71c34126a876ee.
[2025-11-27 23:01:53] [INFO] discord.gateway: Shard ID 0 has successfully RESUMED session 2ae9bf5a57b3d5743d71c34126a876ee.
[2025-11-27 23:29:32] [INFO] discord.gateway: Shard ID 0 has successfully RESUMED session 2ae9bf5a57b3d5743d71c34126a876ee.
[2025-11-28 01:56:21] [INFO] discord.gateway: Shard ID 0 has successfully RESUMED session 2ae9bf5a57b3d5743d71c34126a876ee.
[2025-11-28 05:53:36] [INFO] discord.gateway: Shard ID 0 has successfully RESUMED session 2ae9bf5a57b3d5743d71c34126a876ee.
[2025-11-28 06:21:43] [INFO] discord.gateway: Shard ID 0 has successfully RESUMED session 2ae9bf5a57b3d5743d71c34126a876ee.
[2025-11-28 09:34:07] [INFO] discord.gateway: Shard ID 0 has successfully RESUMED session 2ae9bf5a57b3d5743d71c34126a876ee.
[2025-11-28 11:53:19] [INFO] discord.gateway: Shard ID 0 has successfully RESUMED session 2ae9bf5a57b3d5743d71c34126a876ee.
[2025-11-28 13:45:44] [INFO] discord.gateway: Shard ID 0 has successfully RESUMED session 2ae9bf5a57b3d5743d71c34126a876ee.
[2025-11-28 15:03:05] [INFO] discord.gateway: Shard ID 0 has successfully RESUMED session 2ae9bf5a57b3d5743d71c34126a876ee.
[2025-11-28 16:14:06] [INFO] discord.gateway: Shard ID 0 has successfully RESUMED session 2ae9bf5a57b3d5743d71c34126a876ee.
[2025-11-28 16:37:56] [INFO] discord.gateway: Shard ID 0 has successfully RESUMED session 2ae9bf5a57b3d5743d71c34126a876ee.
[2025-11-28 19:46:36] [INFO] discord.gateway: Shard ID 0 has successfully RESUMED session 2ae9bf5a57b3d5743d71c34126a876ee.
[2025-11-28 20:32:37] [INFO] discord.gateway: Shard ID 0 has successfully RESUMED session 2ae9bf5a57b3d5743d71c34126a876ee.
[2025-11-28 21:23:21] [INFO] discord.gateway: Shard ID 0 has successfully RESUMED session 2ae9bf5a57b3d5743d71c34126a876ee.
[2025-11-29 00:26:48] [INFO] discord.gateway: Shard ID 0 has successfully RESUMED session 2ae9bf5a57b3d5743d71c34126a876ee.
[2025-11-29 01:01:53] [INFO] discord.gateway: Shard ID 0 has successfully RESUMED session 2ae9bf5a57b3d5743d71c34126a876ee.
[2025-11-29 03:40:42] [INFO] discord.gateway: Shard ID 0 has successfully RESUMED session 2ae9bf5a57b3d5743d71c34126a876ee.
[2025-11-29 05:23:30] [INFO] discord.gateway: Shard ID 0 has successfully RESUMED session 2ae9bf5a57b3d5743d71c34126a876ee.
[2025-11-29 06:42:11] [INFO] discord.gateway: Shard ID 0 has successfully RESUMED session 2ae9bf5a57b3d5743d71c34126a876ee.
[2025-11-29 09:10:43] [INFO] discord.gateway: Shard ID 0 has successfully RESUMED session 2ae9bf5a57b3d5743d71c34126a876ee.
[2025-11-29 09:49:30] [INFO] discord.gateway: Shard ID 0 has successfully RESUMED session 2ae9bf5a57b3d5743d71c34126a876ee.
[2025-11-29 13:18:28] [INFO] discord.gateway: Shard ID 0 has successfully RESUMED session 2ae9bf5a57b3d5743d71c34126a876ee.
[2025-11-29 15:16:11] [INFO] discord.gateway: Shard ID 0 has successfully RESUMED session 2ae9bf5a57b3d5743d71c34126a876ee.
[2025-11-29 17:05:21] [INFO] discord.gateway: Shard ID 0 has successfully RESUMED session 2ae9bf5a57b3d5743d71c34126a876ee.
[2025-11-29 19:26:25] [INFO] discord.gateway: Shard ID 0 has successfully RESUMED session 2ae9bf5a57b3d5743d71c34126a876ee.
[2025-11-29 21:18:40] [INFO] discord.gateway: Shard ID 0 has successfully RESUMED session 2ae9bf5a57b3d5743d71c34126a876ee.
[2025-11-30 00:00:36] [INFO] discord.gateway: Shard ID 0 has successfully RESUMED session 2ae9bf5a57b3d5743d71c34126a876ee.
[2025-11-30 00:57:56] [INFO] discord.gateway: Shard ID 0 has successfully RESUMED session 2ae9bf5a57b3d5743d71c34126a876ee.
[2025-11-30 04:37:43] [INFO] discord.gateway: Shard ID 0 has successfully RESUMED session 2ae9bf5a57b3d5743d71c34126a876ee.
[2025-11-30 06:11:51] [INFO] discord.gateway: Shard ID 0 has successfully RESUMED session 2ae9bf5a57b3d5743d71c34126a876ee.
[2025-11-30 06:31:14] [INFO] discord.gateway: Shard ID 0 has successfully RESUMED session 2ae9bf5a57b3d5743d71c34126a876ee.
[2025-11-30 10:03:48] [INFO] discord.gateway: Shard ID 0 has successfully RESUMED session 2ae9bf5a57b3d5743d71c34126a876ee.
[2025-11-30 11:30:11] [INFO] discord.gateway: Shard ID 0 has successfully RESUMED session 2ae9bf5a57b3d5743d71c34126a876ee.
[2025-11-30 11:57:19] [INFO] discord.gateway: Shard ID 0 has successfully RESUMED session 2ae9bf5a57b3d5743d71c34126a876ee.
[2025-11-30 15:32:49] [INFO] discord.gateway: Shard ID 0 has successfully RESUMED session 2ae9bf5a57b3d5743d71c34126a876ee.
[2025-11-30 16:37:44] [INFO] discord.gateway: Shard ID 0 has successfully RESUMED session 2ae9bf5a57b3d5743d71c34126a876ee.
[2025-11-30 18:10:33] [INFO] discord.gateway: Shard ID 0 has successfully RESUMED session 2ae9bf5a57b3d5743d71c34126a876ee.
[2025-11-30 19:47:50] [INFO] discord.gateway: Shard ID 0 has successfully RESUMED session 2ae9bf5a57b3d5743d71c34126a876ee.
[2025-11-30 22:56:23] [INFO] discord.gateway: Shard ID 0 has successfully RESUMED session 2ae9bf5a57b3d5743d71c34126a876ee.
[2025-11-30 23:42:27] [INFO] discord.gateway: Shard ID 0 has successfully RESUMED session 2ae9bf5a57b3d5743d71c34126a876ee.
[2025-12-01 00:04:28] [INFO] discord.gateway: Shard ID 0 has successfully RESUMED session 2ae9bf5a57b3d5743d71c34126a876ee.
[2025-12-01 03:08:08] [INFO] discord.gateway: Shard ID 0 has successfully RESUMED session 2ae9bf5a57b3d5743d71c34126a876ee.
[2025-12-01 04:05:32] [INFO] discord.gateway: Shard ID 0 has successfully RESUMED session 2ae9bf5a57b3d5743d71c34126a876ee.
[2025-12-01 06:00:44] [INFO] discord.gateway: Shard ID 0 has successfully RESUMED session 2ae9bf5a57b3d5743d71c34126a876ee.
[2025-12-01 06:28:58] [INFO] discord.gateway: Shard ID 0 has successfully RESUMED session 2ae9bf5a57b3d5743d71c34126a876ee.
[2025-12-01 09:28:47] [INFO] discord.gateway: Shard ID 0 has successfully RESUMED session 2ae9bf5a57b3d5743d71c34126a876ee.
[2025-12-01 11:10:33] [INFO] discord.gateway: Shard ID 0 has successfully RESUMED session 2ae9bf5a57b3d5743d71c34126a876ee.
[2025-12-01 14:36:56] [INFO] discord.gateway: Shard ID 0 has successfully RESUMED session 2ae9bf5a57b3d5743d71c34126a876ee.
[2025-12-01 15:17:29] [INFO] discord.gateway: Shard ID 0 has successfully RESUMED session 2ae9bf5a57b3d5743d71c34126a876ee.
[2025-12-01 16:21:18] [INFO] discord.gateway: Shard ID 0 has successfully RESUMED session 2ae9bf5a57b3d5743d71c34126a876ee.
[2025-12-01 18:51:23] [INFO] discord.gateway: Shard ID 0 has successfully RESUMED session 2ae9bf5a57b3d5743d71c34126a876ee.
[2025-12-01 21:36:47] [INFO] discord.gateway: Shard ID 0 has successfully RESUMED session 2ae9bf5a57b3d5743d71c34126a876ee.
[2025-12-01 22:59:34] [INFO] red.Audio.WS.LLNode: [NODE] | NODE Resuming: 
[2025-12-01 22:59:34] [INFO] red.Audio.WS.LLNode: Lavalink WS connecting to ws://localhost:2333 with headers {'Authorization': 'youshallnotpass', 'User-Id': '1141573790715891783', 'Num-Shards': '1', 'Client-Name': 'Red-Lavalink/0.11.0', 'Resume-Key': 'Red-Core-Audio-1141573790715891783-BenAnnaBot'}
[2025-12-01 22:59:34] [INFO] red.Audio.WS.LLNode: WEBSOCKET Resumed Session with key: Red-Core-Audio-1141573790715891783-BenAnnaBot
[2025-12-01 22:59:34] [INFO] red.Audio.WS.LLNode: Lavalink WS connected to ws://localhost:2333
[2025-12-01 22:59:34] [INFO] red.Audio.WS.LLNode: [NODE] | Reconnect successful.
[2025-12-01 22:59:34] [INFO] red.Audio.WS.Audio: WS EVENT - IGNORED (Healthy Socket) | Voice websocket closed event Code: 42069 -- Remote: True -- Lavalink WS reconnected
[2025-12-01 23:51:01] [WARNING] red.cogs.Audio.cog.Events.lavalink: Audio detected multiple continuous errors during playback - terminating the player for guild: 1138199265630486648.
[2025-12-02 00:26:28] [INFO] discord.gateway: Shard ID 0 has successfully RESUMED session 2ae9bf5a57b3d5743d71c34126a876ee.
[2025-12-02 01:28:28] [INFO] discord.gateway: Shard ID 0 has successfully RESUMED session 2ae9bf5a57b3d5743d71c34126a876ee.
[2025-12-02 02:59:01] [INFO] red.Audio.WS.RLL: Received voice disconnect from discord, removing player.
[2025-12-02 03:16:48] [INFO] discord.gateway: Shard ID 0 has successfully RESUMED session 2ae9bf5a57b3d5743d71c34126a876ee.
[2025-12-02 04:16:17] [INFO] discord.gateway: Shard ID 0 has successfully RESUMED session 2ae9bf5a57b3d5743d71c34126a876ee.
[2025-12-02 04:59:21] [INFO] discord.gateway: Shard ID 0 has successfully RESUMED session 2ae9bf5a57b3d5743d71c34126a876ee.
[2025-12-02 07:32:04] [INFO] discord.gateway: Shard ID 0 has successfully RESUMED session 2ae9bf5a57b3d5743d71c34126a876ee.
[2025-12-02 11:07:22] [INFO] discord.gateway: Shard ID 0 has successfully RESUMED session 2ae9bf5a57b3d5743d71c34126a876ee.
[2025-12-02 11:24:00] [INFO] discord.gateway: Shard ID 0 has successfully RESUMED session 2ae9bf5a57b3d5743d71c34126a876ee.
[2025-12-02 13:08:42] [INFO] discord.gateway: Shard ID 0 has successfully RESUMED session 2ae9bf5a57b3d5743d71c34126a876ee.
[2025-12-02 15:19:16] [INFO] discord.gateway: Shard ID 0 has successfully RESUMED session 2ae9bf5a57b3d5743d71c34126a876ee.
[2025-12-02 15:52:50] [INFO] discord.gateway: Shard ID 0 has successfully RESUMED session 2ae9bf5a57b3d5743d71c34126a876ee.
[2025-12-02 16:25:10] [INFO] discord.gateway: Shard ID 0 has successfully RESUMED session 2ae9bf5a57b3d5743d71c34126a876ee.
[2025-12-02 18:15:10] [INFO] discord.gateway: Shard ID 0 has successfully RESUMED session 2ae9bf5a57b3d5743d71c34126a876ee.
[2025-12-02 19:54:48] [INFO] discord.gateway: Shard ID 0 has successfully RESUMED session 2ae9bf5a57b3d5743d71c34126a876ee.
[2025-12-02 22:35:19] [INFO] discord.gateway: Shard ID 0 has successfully RESUMED session 2ae9bf5a57b3d5743d71c34126a876ee.
[2025-12-02 23:25:45] [INFO] discord.gateway: Shard ID 0 has successfully RESUMED session 2ae9bf5a57b3d5743d71c34126a876ee.
[2025-12-03 00:38:06] [INFO] discord.gateway: Shard ID 0 has successfully RESUMED session 2ae9bf5a57b3d5743d71c34126a876ee.
[2025-12-03 02:47:10] [INFO] discord.gateway: Shard ID 0 has successfully RESUMED session 2ae9bf5a57b3d5743d71c34126a876ee.
[2025-12-03 04:09:48] [INFO] discord.gateway: Shard ID 0 has successfully RESUMED session 2ae9bf5a57b3d5743d71c34126a876ee.
[2025-12-03 06:15:39] [INFO] discord.gateway: Shard ID 0 has successfully RESUMED session 2ae9bf5a57b3d5743d71c34126a876ee.
[2025-12-03 06:39:02] [INFO] discord.gateway: Shard ID 0 has successfully RESUMED session 2ae9bf5a57b3d5743d71c34126a876ee.
[2025-12-03 07:01:50] [INFO] discord.gateway: Shard ID 0 has successfully RESUMED session 2ae9bf5a57b3d5743d71c34126a876ee.
[2025-12-03 09:54:03] [INFO] discord.gateway: Shard ID 0 has successfully RESUMED session 2ae9bf5a57b3d5743d71c34126a876ee.
[2025-12-03 12:48:05] [INFO] discord.gateway: Shard ID 0 has successfully RESUMED session 2ae9bf5a57b3d5743d71c34126a876ee.
[2025-12-03 14:44:59] [INFO] discord.gateway: Shard ID 0 has successfully RESUMED session 2ae9bf5a57b3d5743d71c34126a876ee.
[2025-12-03 17:57:06] [INFO] discord.gateway: Shard ID 0 has successfully RESUMED session 2ae9bf5a57b3d5743d71c34126a876ee.
[2025-12-03 19:24:06] [INFO] discord.gateway: Shard ID 0 has successfully RESUMED session 2ae9bf5a57b3d5743d71c34126a876ee.
[2025-12-03 22:56:42] [INFO] discord.gateway: Shard ID 0 has successfully RESUMED session 2ae9bf5a57b3d5743d71c34126a876ee.
[2025-12-04 02:50:07] [INFO] discord.gateway: Shard ID 0 has successfully RESUMED session 2ae9bf5a57b3d5743d71c34126a876ee.
[2025-12-04 05:59:36] [INFO] discord.gateway: Shard ID 0 has successfully RESUMED session 2ae9bf5a57b3d5743d71c34126a876ee.
[2025-12-04 08:14:01] [INFO] discord.gateway: Shard ID 0 has successfully RESUMED session 2ae9bf5a57b3d5743d71c34126a876ee.
[2025-12-04 10:52:01] [INFO] discord.gateway: Shard ID 0 has successfully RESUMED session 2ae9bf5a57b3d5743d71c34126a876ee.
[2025-12-04 11:28:47] [INFO] discord.gateway: Shard ID 0 has successfully RESUMED session 2ae9bf5a57b3d5743d71c34126a876ee.
[2025-12-04 11:42:31] [INFO] discord.gateway: Shard ID 0 has successfully RESUMED session 2ae9bf5a57b3d5743d71c34126a876ee.
[2025-12-04 11:57:56] [INFO] discord.gateway: Shard ID 0 has successfully RESUMED session 2ae9bf5a57b3d5743d71c34126a876ee.
[2025-12-04 13:35:50] [INFO] discord.gateway: Shard ID 0 has successfully RESUMED session 2ae9bf5a57b3d5743d71c34126a876ee.
[2025-12-04 14:46:36] [INFO] discord.gateway: Shard ID 0 has successfully RESUMED session 2ae9bf5a57b3d5743d71c34126a876ee.
[2025-12-04 15:45:27] [INFO] discord.gateway: Shard ID 0 has successfully RESUMED session 2ae9bf5a57b3d5743d71c34126a876ee.
[2025-12-04 17:33:10] [INFO] discord.gateway: Shard ID 0 has successfully RESUMED session 2ae9bf5a57b3d5743d71c34126a876ee.
[2025-12-04 19:42:56] [INFO] discord.gateway: Shard ID 0 has successfully RESUMED session 2ae9bf5a57b3d5743d71c34126a876ee.
[2025-12-04 21:25:31] [INFO] discord.gateway: Shard ID 0 has successfully RESUMED session 2ae9bf5a57b3d5743d71c34126a876ee.
[2025-12-04 23:44:36] [INFO] discord.gateway: Shard ID 0 has successfully RESUMED session 2ae9bf5a57b3d5743d71c34126a876ee.
[2025-12-05 00:10:11] [INFO] discord.gateway: Shard ID 0 has successfully RESUMED session 2ae9bf5a57b3d5743d71c34126a876ee.
[2025-12-05 00:30:11] [INFO] discord.gateway: Shard ID 0 has successfully RESUMED session 2ae9bf5a57b3d5743d71c34126a876ee.
[2025-12-05 00:49:03] [INFO] discord.gateway: Shard ID 0 has successfully RESUMED session 2ae9bf5a57b3d5743d71c34126a876ee.
[2025-12-05 00:57:00] [INFO] discord.gateway: Shard ID 0 has successfully RESUMED session 2ae9bf5a57b3d5743d71c34126a876ee.
[2025-12-05 01:49:14] [INFO] discord.gateway: Shard ID 0 has successfully RESUMED session 2ae9bf5a57b3d5743d71c34126a876ee.
[2025-12-05 05:16:08] [INFO] discord.gateway: Shard ID 0 has successfully RESUMED session 2ae9bf5a57b3d5743d71c34126a876ee.
[2025-12-05 08:12:37] [INFO] discord.gateway: Shard ID 0 has successfully RESUMED session 2ae9bf5a57b3d5743d71c34126a876ee.
[2025-12-05 09:55:19] [INFO] discord.gateway: Shard ID 0 has successfully RESUMED session 2ae9bf5a57b3d5743d71c34126a876ee.
[2025-12-05 12:57:00] [INFO] discord.gateway: Shard ID 0 has successfully RESUMED session 2ae9bf5a57b3d5743d71c34126a876ee.
[2025-12-05 13:23:28] [INFO] discord.gateway: Shard ID 0 has successfully RESUMED session 2ae9bf5a57b3d5743d71c34126a876ee.
[2025-12-05 15:58:39] [INFO] discord.gateway: Shard ID 0 has successfully RESUMED session 2ae9bf5a57b3d5743d71c34126a876ee.
[2025-12-05 17:19:03] [INFO] discord.gateway: Shard ID 0 has successfully RESUMED session 2ae9bf5a57b3d5743d71c34126a876ee.
[2025-12-05 20:29:18] [INFO] discord.gateway: Shard ID 0 has successfully RESUMED session 2ae9bf5a57b3d5743d71c34126a876ee.
[2025-12-05 20:45:45] [INFO] discord.gateway: Shard ID 0 has successfully RESUMED session 2ae9bf5a57b3d5743d71c34126a876ee.
[2025-12-05 22:41:02] [INFO] discord.gateway: Shard ID 0 has successfully RESUMED session 2ae9bf5a57b3d5743d71c34126a876ee.
[2025-12-05 23:28:09] [INFO] discord.gateway: Shard ID 0 has successfully RESUMED session 2ae9bf5a57b3d5743d71c34126a876ee.
[2025-12-06 00:37:10] [INFO] discord.gateway: Shard ID 0 has successfully RESUMED session 2ae9bf5a57b3d5743d71c34126a876ee.
[2025-12-06 02:22:45] [INFO] discord.gateway: Shard ID 0 has successfully RESUMED session 2ae9bf5a57b3d5743d71c34126a876ee.
[2025-12-06 04:14:17] [INFO] discord.gateway: Shard ID 0 has successfully RESUMED session 2ae9bf5a57b3d5743d71c34126a876ee.
[2025-12-06 06:43:26] [INFO] discord.gateway: Shard ID 0 has successfully RESUMED session 2ae9bf5a57b3d5743d71c34126a876ee.
[2025-12-06 08:47:15] [INFO] discord.gateway: Shard ID 0 has successfully RESUMED session 2ae9bf5a57b3d5743d71c34126a876ee.
[2025-12-06 11:45:22] [INFO] discord.gateway: Shard ID 0 has successfully RESUMED session 2ae9bf5a57b3d5743d71c34126a876ee.
[2025-12-06 14:58:01] [INFO] discord.gateway: Shard ID 0 has successfully RESUMED session 2ae9bf5a57b3d5743d71c34126a876ee.
[2025-12-06 18:43:50] [INFO] discord.gateway: Shard ID 0 has successfully RESUMED session 2ae9bf5a57b3d5743d71c34126a876ee.
[2025-12-06 19:27:30] [INFO] discord.gateway: Shard ID 0 has successfully RESUMED session 2ae9bf5a57b3d5743d71c34126a876ee.
[2025-12-06 22:05:30] [INFO] discord.gateway: Shard ID 0 has successfully RESUMED session 2ae9bf5a57b3d5743d71c34126a876ee.
[2025-12-07 00:47:23] [INFO] discord.gateway: Shard ID 0 has successfully RESUMED session 2ae9bf5a57b3d5743d71c34126a876ee.
[2025-12-07 04:04:21] [INFO] discord.gateway: Shard ID 0 has successfully RESUMED session 2ae9bf5a57b3d5743d71c34126a876ee.
[2025-12-07 06:08:22] [INFO] discord.gateway: Shard ID 0 has successfully RESUMED session 2ae9bf5a57b3d5743d71c34126a876ee.
[2025-12-07 07:29:32] [INFO] discord.gateway: Shard ID 0 has successfully RESUMED session 2ae9bf5a57b3d5743d71c34126a876ee.
[2025-12-07 07:39:27] [INFO] discord.gateway: Shard ID 0 has successfully RESUMED session 2ae9bf5a57b3d5743d71c34126a876ee.
[2025-12-07 08:19:51] [INFO] discord.gateway: Shard ID 0 has successfully RESUMED session 2ae9bf5a57b3d5743d71c34126a876ee.
[2025-12-07 11:33:34] [INFO] discord.gateway: Shard ID 0 has successfully RESUMED session 2ae9bf5a57b3d5743d71c34126a876ee.
[2025-12-07 14:23:41] [INFO] discord.gateway: Shard ID 0 has successfully RESUMED session 2ae9bf5a57b3d5743d71c34126a876ee.
[2025-12-07 15:52:50] [INFO] discord.gateway: Shard ID 0 has successfully RESUMED session 2ae9bf5a57b3d5743d71c34126a876ee.
[2025-12-07 19:38:24] [INFO] discord.gateway: Shard ID 0 has successfully RESUMED session 2ae9bf5a57b3d5743d71c34126a876ee.
[2025-12-07 21:16:01] [INFO] discord.gateway: Shard ID 0 has successfully RESUMED session 2ae9bf5a57b3d5743d71c34126a876ee.
[2025-12-07 21:49:18] [INFO] discord.gateway: Shard ID 0 has successfully RESUMED session 2ae9bf5a57b3d5743d71c34126a876ee.
[2025-12-08 01:47:45] [INFO] discord.gateway: Shard ID 0 has successfully RESUMED session 2ae9bf5a57b3d5743d71c34126a876ee.
[2025-12-08 03:13:57] [INFO] discord.gateway: Shard ID 0 has successfully RESUMED session 2ae9bf5a57b3d5743d71c34126a876ee.
[2025-12-08 04:10:21] [INFO] discord.gateway: Shard ID 0 has successfully RESUMED session 2ae9bf5a57b3d5743d71c34126a876ee.
[2025-12-08 06:36:52] [INFO] discord.gateway: Shard ID 0 has successfully RESUMED session 2ae9bf5a57b3d5743d71c34126a876ee.
[2025-12-08 08:19:18] [INFO] discord.gateway: Shard ID 0 has successfully RESUMED session 2ae9bf5a57b3d5743d71c34126a876ee.
[2025-12-08 11:32:36] [INFO] discord.gateway: Shard ID 0 has successfully RESUMED session 2ae9bf5a57b3d5743d71c34126a876ee.
[2025-12-08 13:17:16] [INFO] discord.gateway: Shard ID 0 has successfully RESUMED session 2ae9bf5a57b3d5743d71c34126a876ee.
[2025-12-08 13:39:14] [INFO] discord.gateway: Shard ID 0 has successfully RESUMED session 2ae9bf5a57b3d5743d71c34126a876ee.
[2025-12-08 15:23:11] [INFO] discord.gateway: Shard ID 0 has successfully RESUMED session 2ae9bf5a57b3d5743d71c34126a876ee.
[2025-12-08 17:03:53] [INFO] discord.gateway: Shard ID 0 has successfully RESUMED session 2ae9bf5a57b3d5743d71c34126a876ee.
[2025-12-08 18:39:34] [INFO] discord.gateway: Shard ID 0 has successfully RESUMED session 2ae9bf5a57b3d5743d71c34126a876ee.
[2025-12-08 21:02:32] [INFO] discord.gateway: Shard ID 0 has successfully RESUMED session 2ae9bf5a57b3d5743d71c34126a876ee.
[2025-12-08 21:43:17] [INFO] discord.gateway: Shard ID 0 has successfully RESUMED session 2ae9bf5a57b3d5743d71c34126a876ee.
[2025-12-08 22:48:28] [INFO] discord.gateway: Shard ID 0 has successfully RESUMED session 2ae9bf5a57b3d5743d71c34126a876ee.
[2025-12-09 01:01:33] [WARNING] red.cogs.Audio.cog.Events.lavalink: Audio detected multiple continuous errors during playback - terminating the player for guild: 1138199265630486648.
[2025-12-09 01:27:25] [INFO] red.Audio.WS.RLL: Received voice disconnect from discord, removing player.
[2025-12-09 02:45:17] [INFO] discord.gateway: Shard ID 0 has successfully RESUMED session 2ae9bf5a57b3d5743d71c34126a876ee.
[2025-12-09 04:32:41] [INFO] discord.gateway: Shard ID 0 has successfully RESUMED session 2ae9bf5a57b3d5743d71c34126a876ee.
[2025-12-09 07:52:23] [INFO] discord.gateway: Shard ID 0 has successfully RESUMED session 2ae9bf5a57b3d5743d71c34126a876ee.
[2025-12-09 08:33:31] [INFO] discord.gateway: Shard ID 0 has successfully RESUMED session 2ae9bf5a57b3d5743d71c34126a876ee.
[2025-12-09 09:10:05] [INFO] discord.gateway: Shard ID 0 has successfully RESUMED session 2ae9bf5a57b3d5743d71c34126a876ee.
[2025-12-09 09:57:08] [INFO] discord.gateway: Shard ID 0 has successfully RESUMED session 2ae9bf5a57b3d5743d71c34126a876ee.
[2025-12-09 12:34:24] [INFO] discord.gateway: Shard ID 0 has successfully RESUMED session 2ae9bf5a57b3d5743d71c34126a876ee.
[2025-12-09 13:58:29] [INFO] discord.gateway: Shard ID 0 has successfully RESUMED session 2ae9bf5a57b3d5743d71c34126a876ee.
[2025-12-09 14:18:37] [INFO] discord.gateway: Shard ID 0 has successfully RESUMED session 2ae9bf5a57b3d5743d71c34126a876ee.
[2025-12-09 14:21:36] [INFO] discord.gateway: Shard ID 0 has successfully RESUMED session 2ae9bf5a57b3d5743d71c34126a876ee.
[2025-12-09 16:39:04] [INFO] discord.gateway: Shard ID 0 has successfully RESUMED session 2ae9bf5a57b3d5743d71c34126a876ee.
[2025-12-09 17:55:52] [INFO] discord.gateway: Shard ID 0 has successfully RESUMED session 2ae9bf5a57b3d5743d71c34126a876ee.
[2025-12-09 18:39:55] [INFO] discord.gateway: Shard ID 0 has successfully RESUMED session 2ae9bf5a57b3d5743d71c34126a876ee.
[2025-12-09 21:04:01] [INFO] discord.gateway: Shard ID 0 has successfully RESUMED session 2ae9bf5a57b3d5743d71c34126a876ee.
[2025-12-09 21:27:41] [INFO] discord.gateway: Shard ID 0 has successfully RESUMED session 2ae9bf5a57b3d5743d71c34126a876ee.
[2025-12-09 21:56:55] [INFO] discord.gateway: Shard ID 0 has successfully RESUMED session 2ae9bf5a57b3d5743d71c34126a876ee.
[2025-12-09 23:50:10] [INFO] discord.gateway: Shard ID 0 has successfully RESUMED session 2ae9bf5a57b3d5743d71c34126a876ee.
[2025-12-10 00:07:19] [INFO] discord.gateway: Shard ID 0 has successfully RESUMED session 2ae9bf5a57b3d5743d71c34126a876ee.
[2025-12-10 02:21:17] [INFO] discord.gateway: Shard ID 0 has successfully RESUMED session 2ae9bf5a57b3d5743d71c34126a876ee.
[2025-12-10 04:34:12] [INFO] discord.gateway: Shard ID 0 has successfully RESUMED session 2ae9bf5a57b3d5743d71c34126a876ee.
[2025-12-10 06:19:48] [INFO] discord.gateway: Shard ID 0 has successfully RESUMED session 2ae9bf5a57b3d5743d71c34126a876ee.
[2025-12-10 07:26:11] [INFO] discord.gateway: Shard ID 0 has successfully RESUMED session 2ae9bf5a57b3d5743d71c34126a876ee.
[2025-12-10 09:22:52] [INFO] discord.gateway: Shard ID 0 has successfully RESUMED session 2ae9bf5a57b3d5743d71c34126a876ee.
[2025-12-10 10:14:43] [INFO] discord.gateway: Shard ID 0 has successfully RESUMED session 2ae9bf5a57b3d5743d71c34126a876ee.
[2025-12-10 11:37:39] [INFO] discord.gateway: Shard ID 0 has successfully RESUMED session 2ae9bf5a57b3d5743d71c34126a876ee.
[2025-12-10 13:14:00] [INFO] discord.gateway: Shard ID 0 has successfully RESUMED session 2ae9bf5a57b3d5743d71c34126a876ee.
[2025-12-10 16:59:33] [INFO] discord.gateway: Shard ID 0 has successfully RESUMED session 2ae9bf5a57b3d5743d71c34126a876ee.
[2025-12-10 20:15:08] [INFO] discord.gateway: Shard ID 0 has successfully RESUMED session 2ae9bf5a57b3d5743d71c34126a876ee.
[2025-12-10 23:43:13] [INFO] discord.gateway: Shard ID 0 has successfully RESUMED session 2ae9bf5a57b3d5743d71c34126a876ee.
[2025-12-11 01:35:36] [INFO] discord.gateway: Shard ID 0 has successfully RESUMED session 2ae9bf5a57b3d5743d71c34126a876ee.
[2025-12-11 01:41:56] [INFO] discord.gateway: Shard ID 0 has successfully RESUMED session 2ae9bf5a57b3d5743d71c34126a876ee.
[2025-12-11 04:10:56] [INFO] discord.gateway: Shard ID 0 has successfully RESUMED session 2ae9bf5a57b3d5743d71c34126a876ee.
[2025-12-11 07:27:00] [INFO] discord.gateway: Shard ID 0 has successfully RESUMED session 2ae9bf5a57b3d5743d71c34126a876ee.
[2025-12-11 10:02:43] [INFO] discord.gateway: Shard ID 0 has successfully RESUMED session 2ae9bf5a57b3d5743d71c34126a876ee.
[2025-12-11 13:07:16] [INFO] discord.gateway: Shard ID 0 has successfully RESUMED session 2ae9bf5a57b3d5743d71c34126a876ee.
[2025-12-11 13:55:23] [INFO] discord.gateway: Shard ID 0 has successfully RESUMED session 2ae9bf5a57b3d5743d71c34126a876ee.
[2025-12-11 17:05:29] [INFO] discord.gateway: Shard ID 0 has successfully RESUMED session 2ae9bf5a57b3d5743d71c34126a876ee.
[2025-12-11 18:28:03] [INFO] discord.gateway: Shard ID 0 has successfully RESUMED session 2ae9bf5a57b3d5743d71c34126a876ee.
[2025-12-11 18:57:58] [INFO] discord.gateway: Shard ID 0 has successfully RESUMED session 2ae9bf5a57b3d5743d71c34126a876ee.
[2025-12-11 22:31:02] [INFO] discord.gateway: Shard ID 0 has successfully RESUMED session 2ae9bf5a57b3d5743d71c34126a876ee.
[2025-12-11 23:03:10] [INFO] discord.gateway: Shard ID 0 has successfully RESUMED session 2ae9bf5a57b3d5743d71c34126a876ee.
[2025-12-11 23:26:54] [INFO] discord.gateway: Shard ID 0 has successfully RESUMED session 2ae9bf5a57b3d5743d71c34126a876ee.
[2025-12-12 00:30:47] [INFO] discord.gateway: Shard ID 0 has successfully RESUMED session 2ae9bf5a57b3d5743d71c34126a876ee.
[2025-12-12 01:04:46] [INFO] discord.gateway: Shard ID 0 has successfully RESUMED session 2ae9bf5a57b3d5743d71c34126a876ee.
[2025-12-12 01:26:38] [INFO] discord.gateway: Shard ID 0 has successfully RESUMED session 2ae9bf5a57b3d5743d71c34126a876ee.
[2025-12-12 01:50:19] [INFO] discord.gateway: Shard ID 0 has successfully RESUMED session 2ae9bf5a57b3d5743d71c34126a876ee.
[2025-12-12 04:51:33] [INFO] discord.gateway: Shard ID 0 has successfully RESUMED session 2ae9bf5a57b3d5743d71c34126a876ee.
[2025-12-12 06:40:55] [INFO] discord.gateway: Shard ID 0 has successfully RESUMED session 2ae9bf5a57b3d5743d71c34126a876ee.
[2025-12-12 09:08:41] [INFO] discord.gateway: Shard ID 0 has successfully RESUMED session 2ae9bf5a57b3d5743d71c34126a876ee.
[2025-12-12 11:02:48] [INFO] discord.gateway: Shard ID 0 has successfully RESUMED session 2ae9bf5a57b3d5743d71c34126a876ee.
[2025-12-12 13:43:50] [INFO] discord.gateway: Shard ID 0 has successfully RESUMED session 2ae9bf5a57b3d5743d71c34126a876ee.
[2025-12-12 15:42:26] [INFO] discord.gateway: Shard ID 0 has successfully RESUMED session 2ae9bf5a57b3d5743d71c34126a876ee.
[2025-12-12 16:16:27] [INFO] discord.gateway: Shard ID 0 has successfully RESUMED session 2ae9bf5a57b3d5743d71c34126a876ee.
[2025-12-12 18:24:57] [INFO] discord.gateway: Shard ID 0 has successfully RESUMED session 2ae9bf5a57b3d5743d71c34126a876ee.
[2025-12-12 20:52:34] [INFO] discord.gateway: Shard ID 0 has successfully RESUMED session 2ae9bf5a57b3d5743d71c34126a876ee.
[2025-12-12 21:14:17] [INFO] discord.gateway: Shard ID 0 has successfully RESUMED session 2ae9bf5a57b3d5743d71c34126a876ee.
[2025-12-12 21:48:56] [INFO] discord.gateway: Shard ID 0 has successfully RESUMED session 2ae9bf5a57b3d5743d71c34126a876ee.
[2025-12-13 00:20:16] [INFO] discord.gateway: Shard ID 0 has successfully RESUMED session 2ae9bf5a57b3d5743d71c34126a876ee.
[2025-12-13 02:33:54] [INFO] discord.gateway: Shard ID 0 has successfully RESUMED session 2ae9bf5a57b3d5743d71c34126a876ee.
[2025-12-13 03:28:12] [INFO] discord.gateway: Shard ID 0 has successfully RESUMED session 2ae9bf5a57b3d5743d71c34126a876ee.
[2025-12-13 05:09:44] [INFO] discord.gateway: Shard ID 0 has successfully RESUMED session 2ae9bf5a57b3d5743d71c34126a876ee.
[2025-12-13 05:47:52] [INFO] discord.gateway: Shard ID 0 has successfully RESUMED session 2ae9bf5a57b3d5743d71c34126a876ee.
[2025-12-13 08:17:21] [INFO] discord.gateway: Shard ID 0 has successfully RESUMED session 2ae9bf5a57b3d5743d71c34126a876ee.
[2025-12-13 08:51:30] [INFO] discord.gateway: Shard ID 0 has successfully RESUMED session 2ae9bf5a57b3d5743d71c34126a876ee.
[2025-12-13 11:04:04] [INFO] discord.gateway: Shard ID 0 has successfully RESUMED session 2ae9bf5a57b3d5743d71c34126a876ee.
[2025-12-13 12:43:44] [INFO] discord.gateway: Shard ID 0 has successfully RESUMED session 2ae9bf5a57b3d5743d71c34126a876ee.
[2025-12-13 15:41:34] [INFO] discord.gateway: Shard ID 0 has successfully RESUMED session 2ae9bf5a57b3d5743d71c34126a876ee.
[2025-12-13 17:33:58] [INFO] discord.gateway: Shard ID 0 has successfully RESUMED session 2ae9bf5a57b3d5743d71c34126a876ee.
[2025-12-13 18:50:55] [INFO] discord.gateway: Shard ID 0 has successfully RESUMED session 2ae9bf5a57b3d5743d71c34126a876ee.
[2025-12-13 19:12:35] [INFO] discord.gateway: Shard ID 0 has successfully RESUMED session 2ae9bf5a57b3d5743d71c34126a876ee.
[2025-12-13 22:03:13] [INFO] discord.gateway: Shard ID 0 has successfully RESUMED session 2ae9bf5a57b3d5743d71c34126a876ee.
[2025-12-14 01:30:28] [INFO] discord.gateway: Shard ID 0 has successfully RESUMED session 2ae9bf5a57b3d5743d71c34126a876ee.
[2025-12-14 03:24:29] [INFO] discord.gateway: Shard ID 0 has successfully RESUMED session 2ae9bf5a57b3d5743d71c34126a876ee.
[2025-12-14 05:43:20] [INFO] discord.gateway: Shard ID 0 has successfully RESUMED session 2ae9bf5a57b3d5743d71c34126a876ee.
[2025-12-14 06:26:13] [INFO] discord.gateway: Shard ID 0 has successfully RESUMED session 2ae9bf5a57b3d5743d71c34126a876ee.
[2025-12-14 07:31:34] [INFO] discord.gateway: Shard ID 0 has successfully RESUMED session 2ae9bf5a57b3d5743d71c34126a876ee.
[2025-12-14 10:51:07] [INFO] discord.gateway: Shard ID 0 has successfully RESUMED session 2ae9bf5a57b3d5743d71c34126a876ee.
[2025-12-14 12:21:51] [INFO] discord.gateway: Shard ID 0 has successfully RESUMED session 2ae9bf5a57b3d5743d71c34126a876ee.
[2025-12-14 13:57:13] [INFO] discord.gateway: Shard ID 0 has successfully RESUMED session 2ae9bf5a57b3d5743d71c34126a876ee.
[2025-12-14 15:02:53] [INFO] discord.gateway: Shard ID 0 has successfully RESUMED session 2ae9bf5a57b3d5743d71c34126a876ee.
[2025-12-14 15:25:04] [INFO] discord.gateway: Shard ID 0 has successfully RESUMED session 2ae9bf5a57b3d5743d71c34126a876ee.
[2025-12-14 17:44:40] [INFO] discord.gateway: Shard ID 0 has successfully RESUMED session 2ae9bf5a57b3d5743d71c34126a876ee.
[2025-12-14 18:51:14] [INFO] discord.gateway: Shard ID 0 has successfully RESUMED session 2ae9bf5a57b3d5743d71c34126a876ee.
[2025-12-14 19:32:50] [INFO] discord.gateway: Shard ID 0 has successfully RESUMED session 2ae9bf5a57b3d5743d71c34126a876ee.
[2025-12-14 19:52:13] [INFO] discord.gateway: Shard ID 0 has successfully RESUMED session 2ae9bf5a57b3d5743d71c34126a876ee.
[2025-12-14 23:18:34] [INFO] discord.gateway: Shard ID 0 has successfully RESUMED session 2ae9bf5a57b3d5743d71c34126a876ee.
[2025-12-15 00:53:41] [INFO] discord.gateway: Shard ID 0 has successfully RESUMED session 2ae9bf5a57b3d5743d71c34126a876ee.
[2025-12-15 03:46:55] [INFO] discord.gateway: Shard ID 0 has successfully RESUMED session 2ae9bf5a57b3d5743d71c34126a876ee.
[2025-12-15 05:23:42] [INFO] discord.gateway: Shard ID 0 has successfully RESUMED session 2ae9bf5a57b3d5743d71c34126a876ee.
[2025-12-15 08:13:08] [INFO] discord.gateway: Shard ID 0 has successfully RESUMED session 2ae9bf5a57b3d5743d71c34126a876ee.
[2025-12-15 10:48:21] [INFO] discord.gateway: Shard ID 0 has successfully RESUMED session 2ae9bf5a57b3d5743d71c34126a876ee.
[2025-12-15 12:06:21] [INFO] discord.gateway: Shard ID 0 has successfully RESUMED session 2ae9bf5a57b3d5743d71c34126a876ee.
[2025-12-15 12:47:33] [INFO] discord.gateway: Shard ID 0 has successfully RESUMED session 2ae9bf5a57b3d5743d71c34126a876ee.
[2025-12-15 14:09:38] [INFO] discord.gateway: Shard ID 0 has successfully RESUMED session 2ae9bf5a57b3d5743d71c34126a876ee.
[2025-12-15 16:55:04] [INFO] discord.gateway: Shard ID 0 has successfully RESUMED session 2ae9bf5a57b3d5743d71c34126a876ee.
[2025-12-15 17:10:21] [INFO] discord.gateway: Shard ID 0 has successfully RESUMED session 2ae9bf5a57b3d5743d71c34126a876ee.
[2025-12-15 17:36:42] [INFO] discord.gateway: Shard ID 0 has successfully RESUMED session 2ae9bf5a57b3d5743d71c34126a876ee.
[2025-12-15 18:15:58] [INFO] discord.gateway: Shard ID 0 has successfully RESUMED session 2ae9bf5a57b3d5743d71c34126a876ee.
[2025-12-15 21:57:36] [INFO] discord.gateway: Shard ID 0 has successfully RESUMED session 2ae9bf5a57b3d5743d71c34126a876ee.
[2025-12-15 23:08:43] [INFO] discord.gateway: Shard ID 0 has successfully RESUMED session 2ae9bf5a57b3d5743d71c34126a876ee.
[2025-12-15 23:19:25] [INFO] discord.gateway: Shard ID 0 has successfully RESUMED session 2ae9bf5a57b3d5743d71c34126a876ee.
[2025-12-16 01:51:45] [INFO] discord.gateway: Shard ID 0 has successfully RESUMED session 2ae9bf5a57b3d5743d71c34126a876ee.
[2025-12-16 03:30:47] [INFO] red.Audio.WS.RLL: Received voice disconnect from discord, removing player.
[2025-12-16 03:41:03] [INFO] discord.gateway: Shard ID 0 has successfully RESUMED session 2ae9bf5a57b3d5743d71c34126a876ee.
[2025-12-16 05:51:27] [INFO] discord.gateway: Shard ID 0 has successfully RESUMED session 2ae9bf5a57b3d5743d71c34126a876ee.
[2025-12-16 06:11:00] [INFO] discord.gateway: Shard ID 0 has successfully RESUMED session 2ae9bf5a57b3d5743d71c34126a876ee.
[2025-12-16 10:00:18] [INFO] discord.gateway: Shard ID 0 has successfully RESUMED session 2ae9bf5a57b3d5743d71c34126a876ee.
[2025-12-16 10:58:32] [INFO] discord.gateway: Shard ID 0 has successfully RESUMED session 2ae9bf5a57b3d5743d71c34126a876ee.
[2025-12-16 12:03:00] [INFO] discord.gateway: Shard ID 0 has successfully RESUMED session 2ae9bf5a57b3d5743d71c34126a876ee.
[2025-12-16 14:22:54] [INFO] discord.gateway: Shard ID 0 has successfully RESUMED session 2ae9bf5a57b3d5743d71c34126a876ee.
[2025-12-16 14:31:29] [INFO] discord.gateway: Shard ID 0 has successfully RESUMED session 2ae9bf5a57b3d5743d71c34126a876ee.
[2025-12-16 16:36:29] [INFO] discord.gateway: Shard ID 0 has successfully RESUMED session 2ae9bf5a57b3d5743d71c34126a876ee.
[2025-12-16 19:15:09] [INFO] discord.gateway: Shard ID 0 has successfully RESUMED session 2ae9bf5a57b3d5743d71c34126a876ee.
[2025-12-16 22:34:34] [INFO] discord.gateway: Shard ID 0 has successfully RESUMED session 2ae9bf5a57b3d5743d71c34126a876ee.
[2025-12-17 02:04:49] [INFO] discord.gateway: Shard ID 0 has successfully RESUMED session 2ae9bf5a57b3d5743d71c34126a876ee.
[2025-12-17 03:57:52] [INFO] discord.gateway: Shard ID 0 has successfully RESUMED session 2ae9bf5a57b3d5743d71c34126a876ee.
[2025-12-17 07:38:47] [INFO] discord.gateway: Shard ID 0 has successfully RESUMED session 2ae9bf5a57b3d5743d71c34126a876ee.
[2025-12-17 09:26:52] [INFO] discord.gateway: Shard ID 0 has successfully RESUMED session 2ae9bf5a57b3d5743d71c34126a876ee.
[2025-12-17 10:08:19] [INFO] discord.gateway: Shard ID 0 has successfully RESUMED session 2ae9bf5a57b3d5743d71c34126a876ee.
[2025-12-17 10:27:39] [INFO] discord.gateway: Shard ID 0 has successfully RESUMED session 2ae9bf5a57b3d5743d71c34126a876ee.
[2025-12-17 10:42:51] [INFO] discord.gateway: Shard ID 0 has successfully RESUMED session 2ae9bf5a57b3d5743d71c34126a876ee.
[2025-12-17 11:21:12] [INFO] discord.gateway: Shard ID 0 has successfully RESUMED session 2ae9bf5a57b3d5743d71c34126a876ee.
[2025-12-17 12:37:51] [INFO] discord.gateway: Shard ID 0 has successfully RESUMED session 2ae9bf5a57b3d5743d71c34126a876ee.
[2025-12-17 14:54:37] [INFO] discord.gateway: Shard ID 0 has successfully RESUMED session 2ae9bf5a57b3d5743d71c34126a876ee.
[2025-12-17 18:26:51] [INFO] discord.gateway: Shard ID 0 has successfully RESUMED session 2ae9bf5a57b3d5743d71c34126a876ee.
[2025-12-17 19:02:04] [INFO] discord.gateway: Shard ID 0 has successfully RESUMED session 2ae9bf5a57b3d5743d71c34126a876ee.
[2025-12-17 19:29:17] [INFO] discord.gateway: Shard ID 0 has successfully RESUMED session 2ae9bf5a57b3d5743d71c34126a876ee.
[2025-12-17 23:10:00] [INFO] discord.gateway: Shard ID 0 has successfully RESUMED session 2ae9bf5a57b3d5743d71c34126a876ee.
[2025-12-18 01:04:15] [INFO] discord.gateway: Shard ID 0 has successfully RESUMED session 2ae9bf5a57b3d5743d71c34126a876ee.
[2025-12-18 01:21:39] [INFO] discord.gateway: Shard ID 0 has successfully RESUMED session 2ae9bf5a57b3d5743d71c34126a876ee.
[2025-12-18 01:47:38] [INFO] discord.gateway: Shard ID 0 has successfully RESUMED session 2ae9bf5a57b3d5743d71c34126a876ee.
[2025-12-18 02:19:04] [INFO] discord.gateway: Shard ID 0 has successfully RESUMED session 2ae9bf5a57b3d5743d71c34126a876ee.
[2025-12-18 05:14:19] [INFO] discord.gateway: Shard ID 0 has successfully RESUMED session 2ae9bf5a57b3d5743d71c34126a876ee.
[2025-12-18 06:43:09] [INFO] discord.gateway: Shard ID 0 has successfully RESUMED session 2ae9bf5a57b3d5743d71c34126a876ee.
[2025-12-18 06:43:39] [INFO] discord.gateway: Shard ID 0 has successfully RESUMED session 2ae9bf5a57b3d5743d71c34126a876ee.
[2025-12-18 08:17:52] [INFO] discord.gateway: Shard ID 0 has successfully RESUMED session 2ae9bf5a57b3d5743d71c34126a876ee.
[2025-12-18 09:00:49] [INFO] discord.gateway: Shard ID 0 has successfully RESUMED session 2ae9bf5a57b3d5743d71c34126a876ee.
[2025-12-18 09:53:32] [INFO] discord.gateway: Shard ID 0 has successfully RESUMED session 2ae9bf5a57b3d5743d71c34126a876ee.
[2025-12-18 10:45:04] [INFO] discord.gateway: Shard ID 0 has successfully RESUMED session 2ae9bf5a57b3d5743d71c34126a876ee.
[2025-12-18 11:14:34] [INFO] discord.gateway: Shard ID 0 has successfully RESUMED session 2ae9bf5a57b3d5743d71c34126a876ee.
[2025-12-18 11:46:19] [INFO] discord.gateway: Shard ID 0 has successfully RESUMED session 2ae9bf5a57b3d5743d71c34126a876ee.
[2025-12-18 13:26:19] [INFO] discord.gateway: Shard ID 0 has successfully RESUMED session 2ae9bf5a57b3d5743d71c34126a876ee.
[2025-12-18 14:50:33] [INFO] discord.gateway: Shard ID 0 has successfully RESUMED session 2ae9bf5a57b3d5743d71c34126a876ee.
[2025-12-18 17:59:28] [INFO] discord.gateway: Shard ID 0 has successfully RESUMED session 2ae9bf5a57b3d5743d71c34126a876ee.
[2025-12-18 20:07:13] [INFO] discord.gateway: Shard ID 0 has successfully RESUMED session 2ae9bf5a57b3d5743d71c34126a876ee.
[2025-12-18 21:39:47] [INFO] discord.gateway: Shard ID 0 has successfully RESUMED session 2ae9bf5a57b3d5743d71c34126a876ee.
[2025-12-19 00:21:38] [INFO] discord.gateway: Shard ID 0 has successfully RESUMED session 2ae9bf5a57b3d5743d71c34126a876ee.
[2025-12-19 03:31:58] [INFO] discord.gateway: Shard ID 0 has successfully RESUMED session 2ae9bf5a57b3d5743d71c34126a876ee.
[2025-12-19 03:57:44] [INFO] discord.gateway: Shard ID 0 has successfully RESUMED session 2ae9bf5a57b3d5743d71c34126a876ee.
[2025-12-19 06:24:26] [INFO] discord.gateway: Shard ID 0 has successfully RESUMED session 2ae9bf5a57b3d5743d71c34126a876ee.
[2025-12-19 07:43:00] [INFO] discord.gateway: Shard ID 0 has successfully RESUMED session 2ae9bf5a57b3d5743d71c34126a876ee.
[2025-12-19 08:25:51] [INFO] discord.gateway: Shard ID 0 has successfully RESUMED session 2ae9bf5a57b3d5743d71c34126a876ee.
[2025-12-19 10:51:12] [INFO] discord.gateway: Shard ID 0 has successfully RESUMED session 2ae9bf5a57b3d5743d71c34126a876ee.
[2025-12-19 11:57:13] [INFO] discord.gateway: Shard ID 0 has successfully RESUMED session 2ae9bf5a57b3d5743d71c34126a876ee.
[2025-12-19 12:28:37] [INFO] discord.gateway: Shard ID 0 has successfully RESUMED session 2ae9bf5a57b3d5743d71c34126a876ee.
[2025-12-19 13:33:16] [INFO] discord.gateway: Shard ID 0 has successfully RESUMED session 2ae9bf5a57b3d5743d71c34126a876ee.
[2025-12-19 14:47:01] [INFO] discord.gateway: Shard ID 0 has successfully RESUMED session 2ae9bf5a57b3d5743d71c34126a876ee.
[2025-12-19 16:28:00] [INFO] discord.gateway: Shard ID 0 has successfully RESUMED session 2ae9bf5a57b3d5743d71c34126a876ee.
[2025-12-19 19:31:10] [INFO] discord.gateway: Shard ID 0 has successfully RESUMED session 2ae9bf5a57b3d5743d71c34126a876ee.
[2025-12-19 20:42:33] [INFO] discord.gateway: Shard ID 0 has successfully RESUMED session 2ae9bf5a57b3d5743d71c34126a876ee.
[2025-12-19 21:39:10] [INFO] discord.gateway: Shard ID 0 has successfully RESUMED session 2ae9bf5a57b3d5743d71c34126a876ee.
[2025-12-19 22:51:16] [INFO] discord.gateway: Shard ID 0 has successfully RESUMED session 2ae9bf5a57b3d5743d71c34126a876ee.
[2025-12-19 22:57:54] [INFO] discord.gateway: Shard ID 0 has successfully RESUMED session 2ae9bf5a57b3d5743d71c34126a876ee.
[2025-12-20 00:11:38] [INFO] discord.gateway: Shard ID 0 has successfully RESUMED session 2ae9bf5a57b3d5743d71c34126a876ee.
[2025-12-20 01:28:53] [INFO] discord.gateway: Shard ID 0 has successfully RESUMED session 2ae9bf5a57b3d5743d71c34126a876ee.
[2025-12-20 04:45:00] [INFO] discord.gateway: Shard ID 0 has successfully RESUMED session 2ae9bf5a57b3d5743d71c34126a876ee.
[2025-12-20 06:19:13] [INFO] discord.gateway: Shard ID 0 has successfully RESUMED session 2ae9bf5a57b3d5743d71c34126a876ee.
[2025-12-20 08:58:40] [INFO] discord.gateway: Shard ID 0 has successfully RESUMED session 2ae9bf5a57b3d5743d71c34126a876ee.
[2025-12-20 09:29:14] [INFO] discord.gateway: Shard ID 0 has successfully RESUMED session 2ae9bf5a57b3d5743d71c34126a876ee.
[2025-12-20 11:15:48] [INFO] discord.gateway: Shard ID 0 has successfully RESUMED session 2ae9bf5a57b3d5743d71c34126a876ee.
[2025-12-20 14:50:04] [INFO] discord.gateway: Shard ID 0 has successfully RESUMED session 2ae9bf5a57b3d5743d71c34126a876ee.
[2025-12-20 17:32:29] [INFO] discord.gateway: Shard ID 0 has successfully RESUMED session 2ae9bf5a57b3d5743d71c34126a876ee.
[2025-12-20 19:35:16] [INFO] discord.gateway: Shard ID 0 has successfully RESUMED session 2ae9bf5a57b3d5743d71c34126a876ee.
